\BOOKMARK [0][-]{chapter.1}{\376\377\0001\000\040\000F\000i\000l\000e\000\040\000I\000n\000d\000e\000x}{}% 1
\BOOKMARK [1][-]{section.1.1}{\376\377\0001\000.\0001\000\040\000F\000i\000l\000e\000\040\000L\000i\000s\000t}{chapter.1}% 2
\BOOKMARK [0][-]{chapter.2}{\376\377\0002\000\040\000F\000i\000l\000e\000\040\000D\000o\000c\000u\000m\000e\000n\000t\000a\000t\000i\000o\000n}{}% 3
\BOOKMARK [1][-]{section.2.1}{\376\377\0002\000.\0001\000\040\000b\000u\000t\000t\000o\000n\000.\000c\000\040\000F\000i\000l\000e\000\040\000R\000e\000f\000e\000r\000e\000n\000c\000e}{chapter.2}% 4
\BOOKMARK [2][-]{subsection.2.1.1}{\376\377\0002\000.\0001\000.\0001\000\040\000D\000e\000t\000a\000i\000l\000e\000d\000\040\000D\000e\000s\000c\000r\000i\000p\000t\000i\000o\000n}{section.2.1}% 5
\BOOKMARK [2][-]{subsection.2.1.2}{\376\377\0002\000.\0001\000.\0002\000\040\000F\000u\000n\000c\000t\000i\000o\000n\000\040\000D\000o\000c\000u\000m\000e\000n\000t\000a\000t\000i\000o\000n}{section.2.1}% 6
\BOOKMARK [3][-]{subsubsection.2.1.2.1}{\376\377\0002\000.\0001\000.\0002\000.\0001\000\040\000B\000u\000t\000t\000o\000n\000\137\000I\000n\000i\000t\000\050\000\051}{subsection.2.1.2}% 7
\BOOKMARK [1][-]{section.2.2}{\376\377\0002\000.\0002\000\040\000b\000u\000t\000t\000o\000n\000.\000h\000\040\000F\000i\000l\000e\000\040\000R\000e\000f\000e\000r\000e\000n\000c\000e}{chapter.2}% 8
\BOOKMARK [2][-]{subsection.2.2.1}{\376\377\0002\000.\0002\000.\0001\000\040\000D\000e\000t\000a\000i\000l\000e\000d\000\040\000D\000e\000s\000c\000r\000i\000p\000t\000i\000o\000n}{section.2.2}% 9
\BOOKMARK [2][-]{subsection.2.2.2}{\376\377\0002\000.\0002\000.\0002\000\040\000F\000u\000n\000c\000t\000i\000o\000n\000\040\000D\000o\000c\000u\000m\000e\000n\000t\000a\000t\000i\000o\000n}{section.2.2}% 10
\BOOKMARK [3][-]{subsubsection.2.2.2.1}{\376\377\0002\000.\0002\000.\0002\000.\0001\000\040\000B\000u\000t\000t\000o\000n\000\137\000I\000n\000i\000t\000\050\000\051}{subsection.2.2.2}% 11
\BOOKMARK [1][-]{section.2.3}{\376\377\0002\000.\0003\000\040\000d\000o\000o\000r\000s\000.\000c\000\040\000F\000i\000l\000e\000\040\000R\000e\000f\000e\000r\000e\000n\000c\000e}{chapter.2}% 12
\BOOKMARK [2][-]{subsection.2.3.1}{\376\377\0002\000.\0003\000.\0001\000\040\000D\000e\000t\000a\000i\000l\000e\000d\000\040\000D\000e\000s\000c\000r\000i\000p\000t\000i\000o\000n}{section.2.3}% 13
\BOOKMARK [2][-]{subsection.2.3.2}{\376\377\0002\000.\0003\000.\0002\000\040\000F\000u\000n\000c\000t\000i\000o\000n\000\040\000D\000o\000c\000u\000m\000e\000n\000t\000a\000t\000i\000o\000n}{section.2.3}% 14
\BOOKMARK [3][-]{subsubsection.2.3.2.1}{\376\377\0002\000.\0003\000.\0002\000.\0001\000\040\000C\000l\000o\000s\000e\000D\000o\000o\000r\000s\000\050\000\051}{subsection.2.3.2}% 15
\BOOKMARK [3][-]{subsubsection.2.3.2.2}{\376\377\0002\000.\0003\000.\0002\000.\0002\000\040\000D\000o\000o\000r\000s\000\137\000I\000n\000i\000t\000\050\000\051}{subsection.2.3.2}% 16
\BOOKMARK [3][-]{subsubsection.2.3.2.3}{\376\377\0002\000.\0003\000.\0002\000.\0003\000\040\000i\000n\000i\000t\000D\000o\000o\000r\000s\000P\000W\000M\000\050\000\051}{subsection.2.3.2}% 17
\BOOKMARK [3][-]{subsubsection.2.3.2.4}{\376\377\0002\000.\0003\000.\0002\000.\0004\000\040\000O\000p\000e\000n\000D\000o\000o\000r\000s\000\050\000\051}{subsection.2.3.2}% 18
\BOOKMARK [3][-]{subsubsection.2.3.2.5}{\376\377\0002\000.\0003\000.\0002\000.\0005\000\040\000S\000e\000r\000v\000o\000\137\000P\000W\000M\000\137\000A\000n\000g\000l\000e\000\050\000\051}{subsection.2.3.2}% 19
\BOOKMARK [1][-]{section.2.4}{\376\377\0002\000.\0004\000\040\000d\000o\000o\000r\000s\000.\000h\000\040\000F\000i\000l\000e\000\040\000R\000e\000f\000e\000r\000e\000n\000c\000e}{chapter.2}% 20
\BOOKMARK [2][-]{subsection.2.4.1}{\376\377\0002\000.\0004\000.\0001\000\040\000D\000e\000t\000a\000i\000l\000e\000d\000\040\000D\000e\000s\000c\000r\000i\000p\000t\000i\000o\000n}{section.2.4}% 21
\BOOKMARK [2][-]{subsection.2.4.2}{\376\377\0002\000.\0004\000.\0002\000\040\000F\000u\000n\000c\000t\000i\000o\000n\000\040\000D\000o\000c\000u\000m\000e\000n\000t\000a\000t\000i\000o\000n}{section.2.4}% 22
\BOOKMARK [3][-]{subsubsection.2.4.2.1}{\376\377\0002\000.\0004\000.\0002\000.\0001\000\040\000C\000l\000o\000s\000e\000D\000o\000o\000r\000s\000\050\000\051}{subsection.2.4.2}% 23
\BOOKMARK [3][-]{subsubsection.2.4.2.2}{\376\377\0002\000.\0004\000.\0002\000.\0002\000\040\000D\000o\000o\000r\000s\000\137\000I\000n\000i\000t\000\050\000\051}{subsection.2.4.2}% 24
\BOOKMARK [3][-]{subsubsection.2.4.2.3}{\376\377\0002\000.\0004\000.\0002\000.\0003\000\040\000i\000n\000i\000t\000D\000o\000o\000r\000s\000P\000W\000M\000\050\000\051}{subsection.2.4.2}% 25
\BOOKMARK [3][-]{subsubsection.2.4.2.4}{\376\377\0002\000.\0004\000.\0002\000.\0004\000\040\000O\000p\000e\000n\000D\000o\000o\000r\000s\000\050\000\051}{subsection.2.4.2}% 26
\BOOKMARK [3][-]{subsubsection.2.4.2.5}{\376\377\0002\000.\0004\000.\0002\000.\0005\000\040\000S\000e\000r\000v\000o\000\137\000P\000W\000M\000\137\000A\000n\000g\000l\000e\000\050\000\051}{subsection.2.4.2}% 27
\BOOKMARK [1][-]{section.2.5}{\376\377\0002\000.\0005\000\040\000g\000p\000i\000o\000.\000c\000\040\000F\000i\000l\000e\000\040\000R\000e\000f\000e\000r\000e\000n\000c\000e}{chapter.2}% 28
\BOOKMARK [2][-]{subsection.2.5.1}{\376\377\0002\000.\0005\000.\0001\000\040\000D\000e\000t\000a\000i\000l\000e\000d\000\040\000D\000e\000s\000c\000r\000i\000p\000t\000i\000o\000n}{section.2.5}% 29
\BOOKMARK [2][-]{subsection.2.5.2}{\376\377\0002\000.\0005\000.\0002\000\040\000F\000u\000n\000c\000t\000i\000o\000n\000\040\000D\000o\000c\000u\000m\000e\000n\000t\000a\000t\000i\000o\000n}{section.2.5}% 30
\BOOKMARK [3][-]{subsubsection.2.5.2.1}{\376\377\0002\000.\0005\000.\0002\000.\0001\000\040\000M\000X\000\137\000G\000P\000I\000O\000\137\000I\000n\000i\000t\000\050\000\051}{subsection.2.5.2}% 31
\BOOKMARK [1][-]{section.2.6}{\376\377\0002\000.\0006\000\040\000g\000p\000i\000o\000.\000h\000\040\000F\000i\000l\000e\000\040\000R\000e\000f\000e\000r\000e\000n\000c\000e}{chapter.2}% 32
\BOOKMARK [2][-]{subsection.2.6.1}{\376\377\0002\000.\0006\000.\0001\000\040\000D\000e\000t\000a\000i\000l\000e\000d\000\040\000D\000e\000s\000c\000r\000i\000p\000t\000i\000o\000n}{section.2.6}% 33
\BOOKMARK [2][-]{subsection.2.6.2}{\376\377\0002\000.\0006\000.\0002\000\040\000F\000u\000n\000c\000t\000i\000o\000n\000\040\000D\000o\000c\000u\000m\000e\000n\000t\000a\000t\000i\000o\000n}{section.2.6}% 34
\BOOKMARK [3][-]{subsubsection.2.6.2.1}{\376\377\0002\000.\0006\000.\0002\000.\0001\000\040\000M\000X\000\137\000G\000P\000I\000O\000\137\000I\000n\000i\000t\000\050\000\051}{subsection.2.6.2}% 35
\BOOKMARK [1][-]{section.2.7}{\376\377\0002\000.\0007\000\040\000l\000e\000d\000.\000c\000\040\000F\000i\000l\000e\000\040\000R\000e\000f\000e\000r\000e\000n\000c\000e}{chapter.2}% 36
\BOOKMARK [2][-]{subsection.2.7.1}{\376\377\0002\000.\0007\000.\0001\000\040\000D\000e\000t\000a\000i\000l\000e\000d\000\040\000D\000e\000s\000c\000r\000i\000p\000t\000i\000o\000n}{section.2.7}% 37
\BOOKMARK [2][-]{subsection.2.7.2}{\376\377\0002\000.\0007\000.\0002\000\040\000F\000u\000n\000c\000t\000i\000o\000n\000\040\000D\000o\000c\000u\000m\000e\000n\000t\000a\000t\000i\000o\000n}{section.2.7}% 38
\BOOKMARK [3][-]{subsubsection.2.7.2.1}{\376\377\0002\000.\0007\000.\0002\000.\0001\000\040\000F\000i\000r\000s\000t\000F\000l\000o\000o\000r\000\050\000\051}{subsection.2.7.2}% 39
\BOOKMARK [3][-]{subsubsection.2.7.2.2}{\376\377\0002\000.\0007\000.\0002\000.\0002\000\040\000G\000r\000o\000u\000n\000d\000F\000l\000o\000o\000r\000\050\000\051}{subsection.2.7.2}% 40
\BOOKMARK [3][-]{subsubsection.2.7.2.3}{\376\377\0002\000.\0007\000.\0002\000.\0003\000\040\000i\000n\000i\000t\000L\000E\000D\000G\000P\000I\000O\000\050\000\051}{subsection.2.7.2}% 41
\BOOKMARK [3][-]{subsubsection.2.7.2.4}{\376\377\0002\000.\0007\000.\0002\000.\0004\000\040\000i\000n\000i\000t\000L\000E\000D\000s\000P\000W\000M\000\050\000\051}{subsection.2.7.2}% 42
\BOOKMARK [3][-]{subsubsection.2.7.2.5}{\376\377\0002\000.\0007\000.\0002\000.\0005\000\040\000L\000E\000D\000\137\000I\000n\000i\000t\000\050\000\051}{subsection.2.7.2}% 43
\BOOKMARK [3][-]{subsubsection.2.7.2.6}{\376\377\0002\000.\0007\000.\0002\000.\0006\000\040\000L\000E\000D\000\137\000P\000W\000M\000\137\000P\000e\000r\000c\000e\000n\000t\000\050\000\051}{subsection.2.7.2}% 44
\BOOKMARK [3][-]{subsubsection.2.7.2.7}{\376\377\0002\000.\0007\000.\0002\000.\0007\000\040\000M\000o\000v\000i\000n\000g\000\050\000\051}{subsection.2.7.2}% 45
\BOOKMARK [3][-]{subsubsection.2.7.2.8}{\376\377\0002\000.\0007\000.\0002\000.\0008\000\040\000T\000u\000r\000n\000O\000f\000f\000L\000E\000D\000P\000W\000M\000\050\000\051}{subsection.2.7.2}% 46
\BOOKMARK [1][-]{section.2.8}{\376\377\0002\000.\0008\000\040\000l\000e\000d\000.\000h\000\040\000F\000i\000l\000e\000\040\000R\000e\000f\000e\000r\000e\000n\000c\000e}{chapter.2}% 47
\BOOKMARK [2][-]{subsection.2.8.1}{\376\377\0002\000.\0008\000.\0001\000\040\000D\000e\000t\000a\000i\000l\000e\000d\000\040\000D\000e\000s\000c\000r\000i\000p\000t\000i\000o\000n}{section.2.8}% 48
\BOOKMARK [2][-]{subsection.2.8.2}{\376\377\0002\000.\0008\000.\0002\000\040\000F\000u\000n\000c\000t\000i\000o\000n\000\040\000D\000o\000c\000u\000m\000e\000n\000t\000a\000t\000i\000o\000n}{section.2.8}% 49
\BOOKMARK [3][-]{subsubsection.2.8.2.1}{\376\377\0002\000.\0008\000.\0002\000.\0001\000\040\000F\000i\000r\000s\000t\000F\000l\000o\000o\000r\000\050\000\051}{subsection.2.8.2}% 50
\BOOKMARK [3][-]{subsubsection.2.8.2.2}{\376\377\0002\000.\0008\000.\0002\000.\0002\000\040\000G\000r\000o\000u\000n\000d\000F\000l\000o\000o\000r\000\050\000\051}{subsection.2.8.2}% 51
\BOOKMARK [3][-]{subsubsection.2.8.2.3}{\376\377\0002\000.\0008\000.\0002\000.\0003\000\040\000i\000n\000i\000t\000L\000E\000D\000G\000P\000I\000O\000\050\000\051}{subsection.2.8.2}% 52
\BOOKMARK [3][-]{subsubsection.2.8.2.4}{\376\377\0002\000.\0008\000.\0002\000.\0004\000\040\000i\000n\000i\000t\000L\000E\000D\000s\000P\000W\000M\000\050\000\051}{subsection.2.8.2}% 53
\BOOKMARK [3][-]{subsubsection.2.8.2.5}{\376\377\0002\000.\0008\000.\0002\000.\0005\000\040\000L\000E\000D\000\137\000I\000n\000i\000t\000\050\000\051}{subsection.2.8.2}% 54
\BOOKMARK [3][-]{subsubsection.2.8.2.6}{\376\377\0002\000.\0008\000.\0002\000.\0006\000\040\000L\000E\000D\000\137\000P\000W\000M\000\137\000P\000e\000r\000c\000e\000n\000t\000\050\000\051}{subsection.2.8.2}% 55
\BOOKMARK [3][-]{subsubsection.2.8.2.7}{\376\377\0002\000.\0008\000.\0002\000.\0007\000\040\000M\000o\000v\000i\000n\000g\000\050\000\051}{subsection.2.8.2}% 56
\BOOKMARK [3][-]{subsubsection.2.8.2.8}{\376\377\0002\000.\0008\000.\0002\000.\0008\000\040\000T\000u\000r\000n\000O\000f\000f\000L\000E\000D\000P\000W\000M\000\050\000\051}{subsection.2.8.2}% 57
\BOOKMARK [1][-]{section.2.9}{\376\377\0002\000.\0009\000\040\000l\000i\000f\000t\000.\000c\000\040\000F\000i\000l\000e\000\040\000R\000e\000f\000e\000r\000e\000n\000c\000e}{chapter.2}% 58
\BOOKMARK [2][-]{subsection.2.9.1}{\376\377\0002\000.\0009\000.\0001\000\040\000D\000e\000t\000a\000i\000l\000e\000d\000\040\000D\000e\000s\000c\000r\000i\000p\000t\000i\000o\000n}{section.2.9}% 59
\BOOKMARK [2][-]{subsection.2.9.2}{\376\377\0002\000.\0009\000.\0002\000\040\000F\000u\000n\000c\000t\000i\000o\000n\000\040\000D\000o\000c\000u\000m\000e\000n\000t\000a\000t\000i\000o\000n}{section.2.9}% 60
\BOOKMARK [3][-]{subsubsection.2.9.2.1}{\376\377\0002\000.\0009\000.\0002\000.\0001\000\040\000l\000i\000f\000t\000\137\000I\000n\000i\000t\000\050\000\051}{subsection.2.9.2}% 61
\BOOKMARK [3][-]{subsubsection.2.9.2.2}{\376\377\0002\000.\0009\000.\0002\000.\0002\000\040\000l\000i\000f\000t\000D\000o\000w\000n\000\050\000\051}{subsection.2.9.2}% 62
\BOOKMARK [3][-]{subsubsection.2.9.2.3}{\376\377\0002\000.\0009\000.\0002\000.\0003\000\040\000l\000i\000f\000t\000F\000l\000o\000o\000r\000\050\000\051}{subsection.2.9.2}% 63
\BOOKMARK [3][-]{subsubsection.2.9.2.4}{\376\377\0002\000.\0009\000.\0002\000.\0004\000\040\000l\000i\000f\000t\000I\000s\000M\000o\000v\000i\000n\000g\000\050\000\051}{subsection.2.9.2}% 64
\BOOKMARK [3][-]{subsubsection.2.9.2.5}{\376\377\0002\000.\0009\000.\0002\000.\0005\000\040\000l\000i\000f\000t\000S\000t\000o\000p\000\050\000\051}{subsection.2.9.2}% 65
\BOOKMARK [3][-]{subsubsection.2.9.2.6}{\376\377\0002\000.\0009\000.\0002\000.\0006\000\040\000l\000i\000f\000t\000U\000p\000\050\000\051}{subsection.2.9.2}% 66
\BOOKMARK [1][-]{section.2.10}{\376\377\0002\000.\0001\0000\000\040\000l\000i\000f\000t\000.\000h\000\040\000F\000i\000l\000e\000\040\000R\000e\000f\000e\000r\000e\000n\000c\000e}{chapter.2}% 67
\BOOKMARK [2][-]{subsection.2.10.1}{\376\377\0002\000.\0001\0000\000.\0001\000\040\000D\000e\000t\000a\000i\000l\000e\000d\000\040\000D\000e\000s\000c\000r\000i\000p\000t\000i\000o\000n}{section.2.10}% 68
\BOOKMARK [2][-]{subsection.2.10.2}{\376\377\0002\000.\0001\0000\000.\0002\000\040\000F\000u\000n\000c\000t\000i\000o\000n\000\040\000D\000o\000c\000u\000m\000e\000n\000t\000a\000t\000i\000o\000n}{section.2.10}% 69
\BOOKMARK [3][-]{subsubsection.2.10.2.1}{\376\377\0002\000.\0001\0000\000.\0002\000.\0001\000\040\000l\000i\000f\000t\000\137\000I\000n\000i\000t\000\050\000\051}{subsection.2.10.2}% 70
\BOOKMARK [3][-]{subsubsection.2.10.2.2}{\376\377\0002\000.\0001\0000\000.\0002\000.\0002\000\040\000l\000i\000f\000t\000D\000o\000w\000n\000\050\000\051}{subsection.2.10.2}% 71
\BOOKMARK [3][-]{subsubsection.2.10.2.3}{\376\377\0002\000.\0001\0000\000.\0002\000.\0003\000\040\000l\000i\000f\000t\000F\000l\000o\000o\000r\000\050\000\051}{subsection.2.10.2}% 72
\BOOKMARK [3][-]{subsubsection.2.10.2.4}{\376\377\0002\000.\0001\0000\000.\0002\000.\0004\000\040\000l\000i\000f\000t\000I\000s\000M\000o\000v\000i\000n\000g\000\050\000\051}{subsection.2.10.2}% 73
\BOOKMARK [3][-]{subsubsection.2.10.2.5}{\376\377\0002\000.\0001\0000\000.\0002\000.\0005\000\040\000l\000i\000f\000t\000S\000t\000o\000p\000\050\000\051}{subsection.2.10.2}% 74
\BOOKMARK [3][-]{subsubsection.2.10.2.6}{\376\377\0002\000.\0001\0000\000.\0002\000.\0006\000\040\000l\000i\000f\000t\000U\000p\000\050\000\051}{subsection.2.10.2}% 75
\BOOKMARK [1][-]{section.2.11}{\376\377\0002\000.\0001\0001\000\040\000m\000a\000i\000n\000.\000c\000\040\000F\000i\000l\000e\000\040\000R\000e\000f\000e\000r\000e\000n\000c\000e}{chapter.2}% 76
\BOOKMARK [2][-]{subsection.2.11.1}{\376\377\0002\000.\0001\0001\000.\0001\000\040\000D\000e\000t\000a\000i\000l\000e\000d\000\040\000D\000e\000s\000c\000r\000i\000p\000t\000i\000o\000n}{section.2.11}% 77
\BOOKMARK [2][-]{subsection.2.11.2}{\376\377\0002\000.\0001\0001\000.\0002\000\040\000F\000u\000n\000c\000t\000i\000o\000n\000\040\000D\000o\000c\000u\000m\000e\000n\000t\000a\000t\000i\000o\000n}{section.2.11}% 78
\BOOKMARK [3][-]{subsubsection.2.11.2.1}{\376\377\0002\000.\0001\0001\000.\0002\000.\0001\000\040\000E\000r\000r\000o\000r\000\137\000H\000a\000n\000d\000l\000e\000r\000\050\000\051}{subsection.2.11.2}% 79
\BOOKMARK [3][-]{subsubsection.2.11.2.2}{\376\377\0002\000.\0001\0001\000.\0002\000.\0002\000\040\000H\000A\000L\000\137\000G\000P\000I\000O\000\137\000E\000X\000T\000I\000\137\000C\000a\000l\000l\000b\000a\000c\000k\000\050\000\051}{subsection.2.11.2}% 80
\BOOKMARK [3][-]{subsubsection.2.11.2.3}{\376\377\0002\000.\0001\0001\000.\0002\000.\0003\000\040\000H\000A\000L\000\137\000T\000I\000M\000\137\000P\000e\000r\000i\000o\000d\000E\000l\000a\000p\000s\000e\000d\000C\000a\000l\000l\000b\000a\000c\000k\000\050\000\051}{subsection.2.11.2}% 81
\BOOKMARK [3][-]{subsubsection.2.11.2.4}{\376\377\0002\000.\0001\0001\000.\0002\000.\0004\000\040\000m\000a\000i\000n\000\050\000\051}{subsection.2.11.2}% 82
\BOOKMARK [3][-]{subsubsection.2.11.2.5}{\376\377\0002\000.\0001\0001\000.\0002\000.\0005\000\040\000S\000y\000s\000t\000e\000m\000C\000l\000o\000c\000k\000\137\000C\000o\000n\000f\000i\000g\000\050\000\051}{subsection.2.11.2}% 83
\BOOKMARK [1][-]{section.2.12}{\376\377\0002\000.\0001\0002\000\040\000m\000a\000i\000n\000.\000h\000\040\000F\000i\000l\000e\000\040\000R\000e\000f\000e\000r\000e\000n\000c\000e}{chapter.2}% 84
\BOOKMARK [2][-]{subsection.2.12.1}{\376\377\0002\000.\0001\0002\000.\0001\000\040\000D\000e\000t\000a\000i\000l\000e\000d\000\040\000D\000e\000s\000c\000r\000i\000p\000t\000i\000o\000n}{section.2.12}% 85
\BOOKMARK [2][-]{subsection.2.12.2}{\376\377\0002\000.\0001\0002\000.\0002\000\040\000F\000u\000n\000c\000t\000i\000o\000n\000\040\000D\000o\000c\000u\000m\000e\000n\000t\000a\000t\000i\000o\000n}{section.2.12}% 86
\BOOKMARK [3][-]{subsubsection.2.12.2.1}{\376\377\0002\000.\0001\0002\000.\0002\000.\0001\000\040\000E\000r\000r\000o\000r\000\137\000H\000a\000n\000d\000l\000e\000r\000\050\000\051}{subsection.2.12.2}% 87
\BOOKMARK [1][-]{section.2.13}{\376\377\0002\000.\0001\0003\000\040\000m\000o\000t\000o\000r\000.\000c\000\040\000F\000i\000l\000e\000\040\000R\000e\000f\000e\000r\000e\000n\000c\000e}{chapter.2}% 88
\BOOKMARK [2][-]{subsection.2.13.1}{\376\377\0002\000.\0001\0003\000.\0001\000\040\000D\000e\000t\000a\000i\000l\000e\000d\000\040\000D\000e\000s\000c\000r\000i\000p\000t\000i\000o\000n}{section.2.13}% 89
\BOOKMARK [2][-]{subsection.2.13.2}{\376\377\0002\000.\0001\0003\000.\0002\000\040\000F\000u\000n\000c\000t\000i\000o\000n\000\040\000D\000o\000c\000u\000m\000e\000n\000t\000a\000t\000i\000o\000n}{section.2.13}% 90
\BOOKMARK [3][-]{subsubsection.2.13.2.1}{\376\377\0002\000.\0001\0003\000.\0002\000.\0001\000\040\000M\000o\000t\000o\000r\000\137\000I\000n\000i\000t\000\050\000\051}{subsection.2.13.2}% 91
\BOOKMARK [1][-]{section.2.14}{\376\377\0002\000.\0001\0004\000\040\000m\000o\000t\000o\000r\000.\000h\000\040\000F\000i\000l\000e\000\040\000R\000e\000f\000e\000r\000e\000n\000c\000e}{chapter.2}% 92
\BOOKMARK [2][-]{subsection.2.14.1}{\376\377\0002\000.\0001\0004\000.\0001\000\040\000D\000e\000t\000a\000i\000l\000e\000d\000\040\000D\000e\000s\000c\000r\000i\000p\000t\000i\000o\000n}{section.2.14}% 93
\BOOKMARK [2][-]{subsection.2.14.2}{\376\377\0002\000.\0001\0004\000.\0002\000\040\000F\000u\000n\000c\000t\000i\000o\000n\000\040\000D\000o\000c\000u\000m\000e\000n\000t\000a\000t\000i\000o\000n}{section.2.14}% 94
\BOOKMARK [3][-]{subsubsection.2.14.2.1}{\376\377\0002\000.\0001\0004\000.\0002\000.\0001\000\040\000M\000o\000t\000o\000r\000\137\000I\000n\000i\000t\000\050\000\051}{subsection.2.14.2}% 95
\BOOKMARK [1][-]{section.2.15}{\376\377\0002\000.\0001\0005\000\040\000S\000y\000s\000T\000i\000c\000k\000\137\000H\000a\000n\000d\000l\000e\000r\000.\000c\000\040\000F\000i\000l\000e\000\040\000R\000e\000f\000e\000r\000e\000n\000c\000e}{chapter.2}% 96
\BOOKMARK [2][-]{subsection.2.15.1}{\376\377\0002\000.\0001\0005\000.\0001\000\040\000D\000e\000t\000a\000i\000l\000e\000d\000\040\000D\000e\000s\000c\000r\000i\000p\000t\000i\000o\000n}{section.2.15}% 97
\BOOKMARK [2][-]{subsection.2.15.2}{\376\377\0002\000.\0001\0005\000.\0002\000\040\000F\000u\000n\000c\000t\000i\000o\000n\000\040\000D\000o\000c\000u\000m\000e\000n\000t\000a\000t\000i\000o\000n}{section.2.15}% 98
\BOOKMARK [3][-]{subsubsection.2.15.2.1}{\376\377\0002\000.\0001\0005\000.\0002\000.\0001\000\040\000S\000y\000s\000T\000i\000c\000k\000\137\000H\000a\000n\000d\000l\000e\000r\000\050\000\051}{subsection.2.15.2}% 99
\BOOKMARK [1][-]{section.2.16}{\376\377\0002\000.\0001\0006\000\040\000t\000i\000m\000e\000r\000.\000c\000\040\000F\000i\000l\000e\000\040\000R\000e\000f\000e\000r\000e\000n\000c\000e}{chapter.2}% 100
\BOOKMARK [2][-]{subsection.2.16.1}{\376\377\0002\000.\0001\0006\000.\0001\000\040\000D\000e\000t\000a\000i\000l\000e\000d\000\040\000D\000e\000s\000c\000r\000i\000p\000t\000i\000o\000n}{section.2.16}% 101
\BOOKMARK [2][-]{subsection.2.16.2}{\376\377\0002\000.\0001\0006\000.\0002\000\040\000F\000u\000n\000c\000t\000i\000o\000n\000\040\000D\000o\000c\000u\000m\000e\000n\000t\000a\000t\000i\000o\000n}{section.2.16}% 102
\BOOKMARK [3][-]{subsubsection.2.16.2.1}{\376\377\0002\000.\0001\0006\000.\0002\000.\0001\000\040\000T\000I\000M\0001\000\137\000I\000n\000i\000t\000\050\000\051}{subsection.2.16.2}% 103
\BOOKMARK [3][-]{subsubsection.2.16.2.2}{\376\377\0002\000.\0001\0006\000.\0002\000.\0002\000\040\000T\000I\000M\0003\000\137\000I\000n\000i\000t\000\050\000\051}{subsection.2.16.2}% 104
\BOOKMARK [3][-]{subsubsection.2.16.2.3}{\376\377\0002\000.\0001\0006\000.\0002\000.\0003\000\040\000T\000I\000M\0004\000\137\000I\000n\000i\000t\000\050\000\051}{subsection.2.16.2}% 105
\BOOKMARK [1][-]{section.2.17}{\376\377\0002\000.\0001\0007\000\040\000t\000i\000m\000e\000r\000.\000h\000\040\000F\000i\000l\000e\000\040\000R\000e\000f\000e\000r\000e\000n\000c\000e}{chapter.2}% 106
\BOOKMARK [2][-]{subsection.2.17.1}{\376\377\0002\000.\0001\0007\000.\0001\000\040\000D\000e\000t\000a\000i\000l\000e\000d\000\040\000D\000e\000s\000c\000r\000i\000p\000t\000i\000o\000n}{section.2.17}% 107
\BOOKMARK [2][-]{subsection.2.17.2}{\376\377\0002\000.\0001\0007\000.\0002\000\040\000F\000u\000n\000c\000t\000i\000o\000n\000\040\000D\000o\000c\000u\000m\000e\000n\000t\000a\000t\000i\000o\000n}{section.2.17}% 108
\BOOKMARK [3][-]{subsubsection.2.17.2.1}{\376\377\0002\000.\0001\0007\000.\0002\000.\0001\000\040\000T\000I\000M\0001\000\137\000I\000n\000i\000t\000\050\000\051}{subsection.2.17.2}% 109
\BOOKMARK [3][-]{subsubsection.2.17.2.2}{\376\377\0002\000.\0001\0007\000.\0002\000.\0002\000\040\000T\000I\000M\0003\000\137\000I\000n\000i\000t\000\050\000\051}{subsection.2.17.2}% 110
\BOOKMARK [3][-]{subsubsection.2.17.2.3}{\376\377\0002\000.\0001\0007\000.\0002\000.\0003\000\040\000T\000I\000M\0004\000\137\000I\000n\000i\000t\000\050\000\051}{subsection.2.17.2}% 111
\BOOKMARK [1][-]{section.2.18}{\376\377\0002\000.\0001\0008\000\040\000u\000a\000r\000t\000.\000c\000\040\000F\000i\000l\000e\000\040\000R\000e\000f\000e\000r\000e\000n\000c\000e}{chapter.2}% 112
\BOOKMARK [2][-]{subsection.2.18.1}{\376\377\0002\000.\0001\0008\000.\0001\000\040\000D\000e\000t\000a\000i\000l\000e\000d\000\040\000D\000e\000s\000c\000r\000i\000p\000t\000i\000o\000n}{section.2.18}% 113
\BOOKMARK [2][-]{subsection.2.18.2}{\376\377\0002\000.\0001\0008\000.\0002\000\040\000F\000u\000n\000c\000t\000i\000o\000n\000\040\000D\000o\000c\000u\000m\000e\000n\000t\000a\000t\000i\000o\000n}{section.2.18}% 114
\BOOKMARK [3][-]{subsubsection.2.18.2.1}{\376\377\0002\000.\0001\0008\000.\0002\000.\0001\000\040\000U\000S\000A\000R\000T\0002\000\137\000I\000n\000i\000t\000\050\000\051}{subsection.2.18.2}% 115
\BOOKMARK [1][-]{section.2.19}{\376\377\0002\000.\0001\0009\000\040\000u\000a\000r\000t\000.\000h\000\040\000F\000i\000l\000e\000\040\000R\000e\000f\000e\000r\000e\000n\000c\000e}{chapter.2}% 116
\BOOKMARK [2][-]{subsection.2.19.1}{\376\377\0002\000.\0001\0009\000.\0001\000\040\000D\000e\000t\000a\000i\000l\000e\000d\000\040\000D\000e\000s\000c\000r\000i\000p\000t\000i\000o\000n}{section.2.19}% 117
\BOOKMARK [2][-]{subsection.2.19.2}{\376\377\0002\000.\0001\0009\000.\0002\000\040\000F\000u\000n\000c\000t\000i\000o\000n\000\040\000D\000o\000c\000u\000m\000e\000n\000t\000a\000t\000i\000o\000n}{section.2.19}% 118
\BOOKMARK [3][-]{subsubsection.2.19.2.1}{\376\377\0002\000.\0001\0009\000.\0002\000.\0001\000\040\000U\000S\000A\000R\000T\0002\000\137\000I\000n\000i\000t\000\050\000\051}{subsection.2.19.2}% 119
\BOOKMARK [0][-]{section*.31}{\376\377\000I\000n\000d\000e\000x}{}% 120
